2024-03-06 11:26:31:2631 [32minfo[39m: [32mSuccessfully connected to database[39m
2024-03-06 11:26:31:2631 [32minfo[39m: [32mListening on port: 3000[39m
2024-03-06 11:55:48:5548 [32minfo[39m: [32mSuccessfully connected to database[39m
2024-03-06 11:55:48:5548 [32minfo[39m: [32mListening on port: 3000[39m
2024-03-06 11:55:52:5552 [35mhttp[39m: [35mGET all users[39m
2024-03-06 11:55:52:5552 [32minfo[39m: [32mGetting all users from the database[39m
2024-03-06 11:59:27:5927 [35mhttp[39m: [35mGET all users[39m
2024-03-06 11:59:27:5927 [32minfo[39m: [32mGetting all users from the database[39m
2024-03-06 12:45:05:455 [32minfo[39m: [32mSuccessfully connected to database[39m
2024-03-06 12:45:05:455 [32minfo[39m: [32mListening on port: 3000[39m
2024-03-06 12:47:16:4716 [35mhttp[39m: [35mGET single user with id 1[39m
2024-03-06 12:47:16:4716 [32minfo[39m: [32mGetting user with id 1 from the database[39m
2024-03-06 12:47:28:4728 [35mhttp[39m: [35mGET single user with id 2[39m
2024-03-06 12:47:28:4728 [32minfo[39m: [32mGetting user with id 2 from the database[39m
2024-03-06 12:47:33:4733 [35mhttp[39m: [35mGET single user with id 3[39m
2024-03-06 12:47:33:4733 [32minfo[39m: [32mGetting user with id 3 from the database[39m
2024-03-06 12:47:52:4752 [35mhttp[39m: [35mGET single user with id 4[39m
2024-03-06 12:47:52:4752 [32minfo[39m: [32mGetting user with id 4 from the database[39m
2024-03-06 12:48:26:4826 [35mhttp[39m: [35mGET single user with id 2[39m
2024-03-06 12:48:26:4826 [32minfo[39m: [32mGetting user with id 2 from the database[39m
2024-03-06 12:52:30:5230 [32minfo[39m: [32mSuccessfully connected to database[39m
2024-03-06 12:52:30:5230 [32minfo[39m: [32mListening on port: 3000[39m
2024-03-06 13:39:27:3927 [35mhttp[39m: [35mPOST user with username postman[39m
2024-03-06 13:39:27:3927 [32minfo[39m: [32mInserting user with username postman into the database[39m
2024-03-06 13:41:39:4139 [32minfo[39m: [32mSuccessfully connected to database[39m
2024-03-06 13:41:39:4139 [32minfo[39m: [32mListening on port: 3000[39m
2024-03-06 13:43:03:433 [35mhttp[39m: [35mPOST user with username postman[39m
2024-03-06 13:43:03:433 [32minfo[39m: [32mInserting user with username postman into the database[39m
2024-03-06 13:56:05:565 [32minfo[39m: [32mSuccessfully connected to database[39m
2024-03-06 13:56:05:565 [32minfo[39m: [32mListening on port: 3000[39m
2024-03-06 13:56:25:5625 [35mhttp[39m: [35mGET all users[39m
2024-03-06 13:56:25:5625 [32minfo[39m: [32mGetting all users from the database[39m
2024-03-06 13:56:35:5635 [35mhttp[39m: [35mGET single user with id 5[39m
2024-03-06 13:56:35:5635 [32minfo[39m: [32mGetting user with id 5 from the database[39m
2024-03-06 13:57:26:5726 [35mhttp[39m: [35mPUT user with id 5 and username updated[39m
2024-03-06 13:57:26:5726 [32minfo[39m: [32mUpdating user in the database[39m
2024-03-06 13:57:42:5742 [35mhttp[39m: [35mGET single user with id 5[39m
2024-03-06 13:57:42:5742 [32minfo[39m: [32mGetting user with id 5 from the database[39m
2024-03-06 14:00:38:038 [32minfo[39m: [32mSuccessfully connected to database[39m
2024-03-06 14:00:38:038 [32minfo[39m: [32mListening on port: 3000[39m
2024-03-06 14:01:14:114 [35mhttp[39m: [35mDELETE user with id 5[39m
2024-03-06 14:01:14:114 [32minfo[39m: [32mDeleting user with id 5 from the database[39m
2024-03-06 14:02:47:247 [35mhttp[39m: [35mPOST user with username postman[39m
2024-03-06 14:02:47:247 [32minfo[39m: [32mInserting user with username postman into the database[39m
2024-03-06 14:02:47:247 [35mhttp[39m: [35mGET all users[39m
2024-03-06 14:02:47:247 [32minfo[39m: [32mGetting all users from the database[39m
2024-03-06 14:02:47:247 [35mhttp[39m: [35mGET single user with id 6[39m
2024-03-06 14:02:47:247 [32minfo[39m: [32mGetting user with id 6 from the database[39m
2024-03-06 14:02:47:247 [35mhttp[39m: [35mPUT user with id 6 and username updated[39m
2024-03-06 14:02:47:247 [32minfo[39m: [32mUpdating user in the database[39m
2024-03-06 14:02:48:248 [35mhttp[39m: [35mDELETE user with id 6[39m
2024-03-06 14:02:48:248 [32minfo[39m: [32mDeleting user with id 6 from the database[39m
2024-03-06 15:11:07:117 [35mhttp[39m: [35mGET single user with id 6[39m
2024-03-06 15:11:07:117 [32minfo[39m: [32mGetting user with id 6 from the database[39m
2024-03-06 15:13:13:1313 [35mhttp[39m: [35mPOST user with username postman[39m
2024-03-06 15:13:13:1313 [32minfo[39m: [32mInserting user with username postman into the database[39m
2024-03-06 15:13:18:1318 [35mhttp[39m: [35mGET single user with id 7[39m
2024-03-06 15:13:18:1318 [32minfo[39m: [32mGetting user with id 7 from the database[39m
2024-03-06 15:13:51:1351 [35mhttp[39m: [35mDELETE user with id 7[39m
2024-03-06 15:13:51:1351 [32minfo[39m: [32mDeleting user with id 7 from the database[39m
2024-03-06 15:13:57:1357 [35mhttp[39m: [35mGET single user with id 7[39m
2024-03-06 15:13:57:1357 [32minfo[39m: [32mGetting user with id 7 from the database[39m
2024-03-06 15:16:51:1651 [35mhttp[39m: [35mGET single user with id 99999999[39m
2024-03-06 15:16:51:1651 [32minfo[39m: [32mGetting user with id 99999999 from the database[39m
2024-03-06 15:17:06:176 [35mhttp[39m: [35mGET single user with id 99999999[39m
2024-03-06 15:17:06:176 [32minfo[39m: [32mGetting user with id 99999999 from the database[39m
2024-03-06 15:19:43:1943 [35mhttp[39m: [35mGET all users[39m
2024-03-06 15:19:43:1943 [32minfo[39m: [32mGetting all users from the database[39m
2024-03-06 15:19:50:1950 [35mhttp[39m: [35mPOST user with username undefined[39m
2024-03-06 15:21:26:2126 [35mhttp[39m: [35mPOST user with username postman[39m
2024-03-06 15:21:26:2126 [32minfo[39m: [32mInserting user with username postman into the database[39m
2024-03-06 15:21:26:2126 [35mhttp[39m: [35mGET all users[39m
2024-03-06 15:21:26:2126 [32minfo[39m: [32mGetting all users from the database[39m
2024-03-06 15:21:26:2126 [35mhttp[39m: [35mGET single user with id 8[39m
2024-03-06 15:21:26:2126 [32minfo[39m: [32mGetting user with id 8 from the database[39m
2024-03-06 15:21:26:2126 [35mhttp[39m: [35mPUT user with id 8 and username updated[39m
2024-03-06 15:21:26:2126 [32minfo[39m: [32mUpdating user in the database[39m
2024-03-06 15:21:27:2127 [35mhttp[39m: [35mDELETE user with id 8[39m
2024-03-06 15:21:27:2127 [32minfo[39m: [32mDeleting user with id 8 from the database[39m
2024-03-06 15:22:13:2213 [35mhttp[39m: [35mGET single user with id 8[39m
2024-03-06 15:22:13:2213 [32minfo[39m: [32mGetting user with id 8 from the database[39m
2024-03-06 15:22:35:2235 [35mhttp[39m: [35mGET single user with id 8[39m
2024-03-06 15:22:35:2235 [32minfo[39m: [32mGetting user with id 8 from the database[39m
2024-03-06 15:22:47:2247 [35mhttp[39m: [35mPOST user with username postman[39m
2024-03-06 15:22:47:2247 [32minfo[39m: [32mInserting user with username postman into the database[39m
2024-03-06 15:23:04:234 [35mhttp[39m: [35mGET single user with id 9[39m
2024-03-06 15:23:04:234 [32minfo[39m: [32mGetting user with id 9 from the database[39m
2024-03-06 15:24:31:2431 [32minfo[39m: [32mSuccessfully connected to database[39m
2024-03-06 15:24:31:2431 [32minfo[39m: [32mListening on port: 3000[39m
2024-03-06 15:24:46:2446 [35mhttp[39m: [35mGET single user with id 9[39m
2024-03-06 15:24:46:2446 [32minfo[39m: [32mGetting user with id 9 from the database[39m
2024-03-06 15:25:03:253 [35mhttp[39m: [35mPOST user with username postman[39m
2024-03-06 15:25:03:253 [32minfo[39m: [32mInserting user with username postman into the database[39m
2024-03-06 15:25:03:253 [35mhttp[39m: [35mGET all users[39m
2024-03-06 15:25:03:253 [32minfo[39m: [32mGetting all users from the database[39m
2024-03-06 15:25:04:254 [35mhttp[39m: [35mGET single user with id 10[39m
2024-03-06 15:25:04:254 [32minfo[39m: [32mGetting user with id 10 from the database[39m
2024-03-06 15:25:04:254 [35mhttp[39m: [35mPUT user with id 10 and username updated[39m
2024-03-06 15:25:04:254 [32minfo[39m: [32mUpdating user in the database[39m
2024-03-06 15:25:04:254 [35mhttp[39m: [35mDELETE user with id 10[39m
2024-03-06 15:25:04:254 [32minfo[39m: [32mDeleting user with id 10 from the database[39m
2024-03-06 15:25:24:2524 [35mhttp[39m: [35mGET single user with id 99999999[39m
2024-03-06 15:25:24:2524 [32minfo[39m: [32mGetting user with id 99999999 from the database[39m
2024-03-06 15:26:14:2614 [35mhttp[39m: [35mPOST user with username postman[39m
2024-03-06 15:26:14:2614 [32minfo[39m: [32mInserting user with username postman into the database[39m
2024-03-06 15:26:14:2614 [35mhttp[39m: [35mGET all users[39m
2024-03-06 15:26:14:2614 [32minfo[39m: [32mGetting all users from the database[39m
2024-03-06 15:26:14:2614 [35mhttp[39m: [35mGET single user with id 11[39m
2024-03-06 15:26:14:2614 [32minfo[39m: [32mGetting user with id 11 from the database[39m
2024-03-06 15:26:15:2615 [35mhttp[39m: [35mPUT user with id 11 and username updated[39m
2024-03-06 15:26:15:2615 [32minfo[39m: [32mUpdating user in the database[39m
2024-03-06 15:26:15:2615 [35mhttp[39m: [35mDELETE user with id 11[39m
2024-03-06 15:26:15:2615 [32minfo[39m: [32mDeleting user with id 11 from the database[39m
2024-03-06 15:32:28:3228 [35mhttp[39m: [35mPOST user with username postman[39m
2024-03-06 15:32:28:3228 [32minfo[39m: [32mInserting user with username postman into the database[39m
2024-03-06 15:32:29:3229 [35mhttp[39m: [35mGET all users[39m
2024-03-06 15:32:29:3229 [32minfo[39m: [32mGetting all users from the database[39m
2024-03-06 15:32:29:3229 [35mhttp[39m: [35mGET single user with id 12[39m
2024-03-06 15:32:29:3229 [32minfo[39m: [32mGetting user with id 12 from the database[39m
2024-03-06 15:32:29:3229 [35mhttp[39m: [35mPUT user with id 12 and username updated[39m
2024-03-06 15:32:29:3229 [32minfo[39m: [32mUpdating user in the database[39m
2024-03-06 15:32:29:3229 [35mhttp[39m: [35mDELETE user with id 12[39m
2024-03-06 15:32:29:3229 [32minfo[39m: [32mDeleting user with id 12 from the database[39m
2024-03-06 15:33:38:3338 [35mhttp[39m: [35mPOST user with username postman[39m
2024-03-06 15:33:38:3338 [32minfo[39m: [32mInserting user with username postman into the database[39m
2024-03-06 15:33:39:3339 [35mhttp[39m: [35mGET all users[39m
2024-03-06 15:33:39:3339 [32minfo[39m: [32mGetting all users from the database[39m
2024-03-06 15:33:39:3339 [35mhttp[39m: [35mGET single user with id 13[39m
2024-03-06 15:33:39:3339 [32minfo[39m: [32mGetting user with id 13 from the database[39m
2024-03-06 15:33:39:3339 [35mhttp[39m: [35mPUT user with id 13 and username updated[39m
2024-03-06 15:33:39:3339 [32minfo[39m: [32mUpdating user in the database[39m
2024-03-06 15:33:39:3339 [35mhttp[39m: [35mDELETE user with id 13[39m
2024-03-06 15:33:39:3339 [32minfo[39m: [32mDeleting user with id 13 from the database[39m
2024-03-06 15:33:39:3339 [35mhttp[39m: [35mGET single user with id 99999999[39m
2024-03-06 15:33:39:3339 [32minfo[39m: [32mGetting user with id 99999999 from the database[39m
2024-03-06 15:33:40:3340 [35mhttp[39m: [35mPOST user with username undefined[39m
2024-03-06 15:58:17:5817 [32minfo[39m: [32mSuccessfully connected to database[39m
2024-03-06 15:58:17:5817 [32minfo[39m: [32mListening on port: 3000[39m
2024-03-06 15:59:08:598 [35mhttp[39m: [35mPOST user with username postman[39m
2024-03-06 15:59:08:598 [32minfo[39m: [32mInserting user with username postman into the database[39m
2024-03-06 15:59:08:598 [35mhttp[39m: [35mGET all users[39m
2024-03-06 15:59:08:598 [32minfo[39m: [32mGetting all users from the database[39m
2024-03-06 15:59:09:599 [35mhttp[39m: [35mGET single user with id 14[39m
2024-03-06 15:59:09:599 [32minfo[39m: [32mGetting user with id 14 from the database[39m
2024-03-06 15:59:09:599 [35mhttp[39m: [35mPUT user with id 14 and username updated[39m
2024-03-06 15:59:09:599 [32minfo[39m: [32mUpdating user in the database[39m
2024-03-06 15:59:09:599 [35mhttp[39m: [35mDELETE user with id 14[39m
2024-03-06 15:59:09:599 [32minfo[39m: [32mDeleting user with id 14 from the database[39m
2024-03-06 16:00:56:056 [32minfo[39m: [32mSuccessfully connected to database[39m
2024-03-06 16:00:56:056 [32minfo[39m: [32mListening on port: 3000[39m
2024-03-06 16:05:40:540 [32minfo[39m: [32mSuccessfully connected to database[39m
2024-03-06 16:05:40:540 [32minfo[39m: [32mListening on port: 3000[39m
2024-03-06 16:06:00:60 [35mhttp[39m: [35mGET all conversations[39m
2024-03-06 16:06:00:60 [32minfo[39m: [32mGetting all users from the database[39m
2024-03-06 16:06:24:624 [35mhttp[39m: [35mGET all conversations[39m
2024-03-06 16:06:24:624 [32minfo[39m: [32mGetting all users from the database[39m
2024-03-06 16:06:32:632 [35mhttp[39m: [35mGET all conversations[39m
2024-03-06 16:06:32:632 [32minfo[39m: [32mGetting all users from the database[39m
2024-03-06 16:06:47:647 [35mhttp[39m: [35mPOST user with username postman[39m
2024-03-06 16:06:47:647 [32minfo[39m: [32mInserting user with username postman into the database[39m
2024-03-06 16:06:47:647 [35mhttp[39m: [35mGET all users[39m
2024-03-06 16:06:47:647 [32minfo[39m: [32mGetting all users from the database[39m
2024-03-06 16:06:47:647 [35mhttp[39m: [35mGET single user with id 15[39m
2024-03-06 16:06:47:647 [32minfo[39m: [32mGetting user with id 15 from the database[39m
2024-03-06 16:06:47:647 [35mhttp[39m: [35mPUT user with id 15 and username updated[39m
2024-03-06 16:06:47:647 [32minfo[39m: [32mUpdating user in the database[39m
2024-03-06 16:06:48:648 [35mhttp[39m: [35mDELETE user with id 15[39m
2024-03-06 16:06:48:648 [32minfo[39m: [32mDeleting user with id 15 from the database[39m
2024-03-06 16:06:48:648 [35mhttp[39m: [35mPOST conversation with name postman[39m
2024-03-06 16:06:48:648 [32minfo[39m: [32mInserting user with username postman into the database[39m
2024-03-06 16:06:48:648 [35mhttp[39m: [35mGET all conversations[39m
2024-03-06 16:06:48:648 [32minfo[39m: [32mGetting all users from the database[39m
2024-03-06 16:06:48:648 [35mhttp[39m: [35mGET conversation with id 1[39m
2024-03-06 16:06:48:648 [32minfo[39m: [32mGetting user with id 1 from the database[39m
2024-03-06 16:06:49:649 [35mhttp[39m: [35mPUT conversation with id 1[39m
2024-03-06 16:06:49:649 [32minfo[39m: [32mUpdating user in the database[39m
2024-03-06 16:06:49:649 [35mhttp[39m: [35mDELETE conversation with id 1[39m
2024-03-06 16:06:49:649 [32minfo[39m: [32mDeleting user with id 1 from the database[39m
2024-03-06 16:06:49:649 [35mhttp[39m: [35mGET single user with id 99999999[39m
2024-03-06 16:06:49:649 [32minfo[39m: [32mGetting user with id 99999999 from the database[39m
2024-03-06 16:06:49:649 [35mhttp[39m: [35mPOST user with username undefined[39m
2024-03-06 16:31:25:3125 [32minfo[39m: [32mSuccessfully connected to database[39m
2024-03-06 16:31:25:3125 [32minfo[39m: [32mListening on port: 3000[39m
2024-03-06 16:32:14:3214 [35mhttp[39m: [35mPOST user with username postman[39m
2024-03-06 16:32:14:3214 [32minfo[39m: [32mInserting user with username postman into the database[39m
2024-03-06 16:32:15:3215 [35mhttp[39m: [35mGET all users[39m
2024-03-06 16:32:15:3215 [32minfo[39m: [32mGetting all users from the database[39m
2024-03-06 16:32:15:3215 [35mhttp[39m: [35mGET single user with id 16[39m
2024-03-06 16:32:15:3215 [32minfo[39m: [32mGetting user with id 16 from the database[39m
2024-03-06 16:32:15:3215 [35mhttp[39m: [35mPUT user with id 16 and username updated[39m
2024-03-06 16:32:15:3215 [32minfo[39m: [32mUpdating user in the database[39m
2024-03-06 16:32:15:3215 [35mhttp[39m: [35mDELETE user with id 16[39m
2024-03-06 16:32:15:3215 [32minfo[39m: [32mDeleting user with id 16 from the database[39m
2024-03-06 16:32:16:3216 [35mhttp[39m: [35mPOST conversation with name postman[39m
2024-03-06 16:32:16:3216 [32minfo[39m: [32mInserting user with username postman into the database[39m
2024-03-06 16:32:16:3216 [35mhttp[39m: [35mGET all conversations[39m
2024-03-06 16:32:16:3216 [32minfo[39m: [32mGetting all users from the database[39m
2024-03-06 16:32:16:3216 [35mhttp[39m: [35mGET conversation with id 2[39m
2024-03-06 16:32:16:3216 [32minfo[39m: [32mGetting user with id 2 from the database[39m
2024-03-06 16:32:16:3216 [35mhttp[39m: [35mPUT conversation with id 2[39m
2024-03-06 16:32:16:3216 [32minfo[39m: [32mUpdating user in the database[39m
2024-03-06 16:34:45:3445 [35mhttp[39m: [35mPOST conversation with name postman[39m
2024-03-06 16:34:45:3445 [32minfo[39m: [32mInserting user with username postman into the database[39m
2024-03-06 16:35:12:3512 [32minfo[39m: [32mSuccessfully connected to database[39m
2024-03-06 16:35:12:3512 [32minfo[39m: [32mListening on port: 3000[39m
2024-03-06 16:35:21:3521 [35mhttp[39m: [35mPOST user with username postman[39m
2024-03-06 16:35:21:3521 [32minfo[39m: [32mInserting user with username postman into the database[39m
2024-03-06 16:35:21:3521 [35mhttp[39m: [35mGET all users[39m
2024-03-06 16:35:21:3521 [32minfo[39m: [32mGetting all users from the database[39m
2024-03-06 16:35:21:3521 [35mhttp[39m: [35mGET single user with id 17[39m
2024-03-06 16:35:21:3521 [32minfo[39m: [32mGetting user with id 17 from the database[39m
2024-03-06 16:35:21:3521 [35mhttp[39m: [35mPUT user with id 17 and username updated[39m
2024-03-06 16:35:21:3521 [32minfo[39m: [32mUpdating user in the database[39m
2024-03-06 16:35:22:3522 [35mhttp[39m: [35mDELETE user with id 17[39m
2024-03-06 16:35:22:3522 [32minfo[39m: [32mDeleting user with id 17 from the database[39m
2024-03-06 16:35:22:3522 [35mhttp[39m: [35mPOST conversation with name postman[39m
2024-03-06 16:35:22:3522 [32minfo[39m: [32mInserting Convo with name postman into the database[39m
2024-03-06 16:35:22:3522 [35mhttp[39m: [35mGET all conversations[39m
2024-03-06 16:35:22:3522 [32minfo[39m: [32mGetting all Convos from the database[39m
2024-03-06 16:35:22:3522 [35mhttp[39m: [35mGET conversation with id 4[39m
2024-03-06 16:35:22:3522 [32minfo[39m: [32mGetting Convo with id 4 from the database[39m
2024-03-06 16:35:22:3522 [35mhttp[39m: [35mPUT conversation with id 4[39m
2024-03-06 16:35:22:3522 [32minfo[39m: [32mUpdating Convo in the database[39m
2024-03-06 16:35:23:3523 [35mhttp[39m: [35mDELETE conversation with id 4[39m
2024-03-06 16:35:23:3523 [32minfo[39m: [32mDeleting Convo with id 4 from the database[39m
2024-03-06 16:35:23:3523 [35mhttp[39m: [35mGET single user with id 99999999[39m
2024-03-06 16:35:23:3523 [32minfo[39m: [32mGetting user with id 99999999 from the database[39m
2024-03-06 16:35:23:3523 [35mhttp[39m: [35mPOST user with username undefined[39m
2024-03-06 16:35:53:3553 [35mhttp[39m: [35mPOST user with username postman[39m
2024-03-06 16:35:53:3553 [32minfo[39m: [32mInserting user with username postman into the database[39m
2024-03-06 16:35:53:3553 [35mhttp[39m: [35mGET all users[39m
2024-03-06 16:35:53:3553 [32minfo[39m: [32mGetting all users from the database[39m
2024-03-06 16:35:53:3553 [35mhttp[39m: [35mGET single user with id 18[39m
2024-03-06 16:35:53:3553 [32minfo[39m: [32mGetting user with id 18 from the database[39m
2024-03-06 16:35:54:3554 [35mhttp[39m: [35mPUT user with id 18 and username updated[39m
2024-03-06 16:35:54:3554 [32minfo[39m: [32mUpdating user in the database[39m
2024-03-06 16:35:54:3554 [35mhttp[39m: [35mDELETE user with id 18[39m
2024-03-06 16:35:54:3554 [32minfo[39m: [32mDeleting user with id 18 from the database[39m
2024-03-06 16:35:54:3554 [35mhttp[39m: [35mPOST conversation with name postman[39m
2024-03-06 16:35:54:3554 [32minfo[39m: [32mInserting Convo with name postman into the database[39m
2024-03-06 16:35:54:3554 [35mhttp[39m: [35mGET all conversations[39m
2024-03-06 16:35:54:3554 [32minfo[39m: [32mGetting all Convos from the database[39m
2024-03-06 16:35:54:3554 [35mhttp[39m: [35mGET conversation with id 5[39m
2024-03-06 16:35:54:3554 [32minfo[39m: [32mGetting Convo with id 5 from the database[39m
2024-03-06 16:35:55:3555 [35mhttp[39m: [35mPUT conversation with id 5[39m
2024-03-06 16:35:55:3555 [32minfo[39m: [32mUpdating Convo in the database[39m
2024-03-06 16:38:22:3822 [35mhttp[39m: [35mGET conversation with id 5[39m
2024-03-06 16:38:22:3822 [32minfo[39m: [32mGetting Convo with id 5 from the database[39m
2024-03-06 16:39:49:3949 [32minfo[39m: [32mSuccessfully connected to database[39m
2024-03-06 16:39:49:3949 [32minfo[39m: [32mListening on port: 3000[39m
2024-03-06 16:42:48:4248 [32minfo[39m: [32mSuccessfully connected to database[39m
2024-03-06 16:42:48:4248 [32minfo[39m: [32mListening on port: 3000[39m
2024-03-06 16:42:56:4256 [35mhttp[39m: [35mGET all Messages[39m
2024-03-06 16:42:56:4256 [32minfo[39m: [32mGetting all users from the database[39m
2024-03-06 16:47:57:4757 [32minfo[39m: [32mSuccessfully connected to database[39m
2024-03-06 16:47:57:4757 [32minfo[39m: [32mListening on port: 3000[39m
2024-03-06 16:48:26:4826 [35mhttp[39m: [35mPOST message to conversation with id 5[39m
2024-03-06 16:48:26:4826 [32minfo[39m: [32mInserting message into database[39m
2024-03-06 16:49:44:4944 [32minfo[39m: [32mSuccessfully connected to database[39m
2024-03-06 16:49:44:4944 [32minfo[39m: [32mListening on port: 3000[39m
2024-03-06 16:50:11:5011 [35mhttp[39m: [35mPOST message to conversation with id 5[39m
2024-03-06 16:50:11:5011 [37mdebug[39m: [37mUser NaN sending message to conversation 5: A test message from postman[39m
2024-03-06 16:50:11:5011 [32minfo[39m: [32mInserting message into database[39m
2024-03-06 16:54:28:5428 [32minfo[39m: [32mSuccessfully connected to database[39m
2024-03-06 16:54:28:5428 [32minfo[39m: [32mListening on port: 3000[39m
2024-03-06 16:54:30:5430 [35mhttp[39m: [35mPOST message to conversation with id 5[39m
2024-03-06 16:56:04:564 [32minfo[39m: [32mSuccessfully connected to database[39m
2024-03-06 16:56:04:564 [32minfo[39m: [32mListening on port: 3000[39m
2024-03-06 16:56:05:565 [35mhttp[39m: [35mPOST message to conversation with id 5[39m
2024-03-06 16:56:05:565 [37mdebug[39m: [37mUser 1 sending message to conversation 5: A test message from postman[39m
2024-03-06 16:56:05:565 [32minfo[39m: [32mInserting message into database[39m
2024-03-06 16:56:16:5616 [35mhttp[39m: [35mPOST user with username postman[39m
2024-03-06 16:56:16:5616 [32minfo[39m: [32mInserting user with username postman into the database[39m
2024-03-06 16:56:16:5616 [35mhttp[39m: [35mGET all users[39m
2024-03-06 16:56:16:5616 [32minfo[39m: [32mGetting all users from the database[39m
2024-03-06 16:56:16:5616 [35mhttp[39m: [35mGET single user with id 19[39m
2024-03-06 16:56:16:5616 [32minfo[39m: [32mGetting user with id 19 from the database[39m
2024-03-06 16:56:16:5616 [35mhttp[39m: [35mPUT user with id 19 and username updated[39m
2024-03-06 16:56:16:5616 [32minfo[39m: [32mUpdating user in the database[39m
2024-03-06 16:56:17:5617 [35mhttp[39m: [35mDELETE user with id 19[39m
2024-03-06 16:56:17:5617 [32minfo[39m: [32mDeleting user with id 19 from the database[39m
2024-03-06 16:56:17:5617 [35mhttp[39m: [35mPOST conversation with name postman[39m
2024-03-06 16:56:17:5617 [32minfo[39m: [32mInserting Convo with name postman into the database[39m
2024-03-06 16:56:17:5617 [35mhttp[39m: [35mGET all conversations[39m
2024-03-06 16:56:17:5617 [32minfo[39m: [32mGetting all Convos from the database[39m
2024-03-06 16:56:17:5617 [35mhttp[39m: [35mGET conversation with id 6[39m
2024-03-06 16:56:17:5617 [32minfo[39m: [32mGetting Convo with id 6 from the database[39m
2024-03-06 16:56:17:5617 [35mhttp[39m: [35mPUT conversation with id 6[39m
2024-03-06 16:56:17:5617 [32minfo[39m: [32mUpdating Convo in the database[39m
2024-03-06 16:56:18:5618 [35mhttp[39m: [35mPOST message to conversation with id 6[39m
2024-03-06 16:56:18:5618 [37mdebug[39m: [37mUser 1 sending message to conversation 6: A test message from postman[39m
2024-03-06 16:56:18:5618 [32minfo[39m: [32mInserting message into database[39m
2024-03-06 16:56:18:5618 [35mhttp[39m: [35mGET all Messages[39m
2024-03-06 16:56:18:5618 [32minfo[39m: [32mGetting all messages with convoId 6 from the database[39m
2024-03-06 16:56:18:5618 [35mhttp[39m: [35mGET conversation with id 2[39m
2024-03-06 16:56:18:5618 [32minfo[39m: [32mgetting message with id 2 from the database[39m
2024-03-06 16:56:18:5618 [35mhttp[39m: [35mDELETE conversation with id 6[39m
2024-03-06 16:56:18:5618 [32minfo[39m: [32mDeleting Convo with id 6 from the database[39m
2024-03-06 16:56:18:5618 [35mhttp[39m: [35mGET single user with id 99999999[39m
2024-03-06 16:56:18:5618 [32minfo[39m: [32mGetting user with id 99999999 from the database[39m
2024-03-06 16:56:19:5619 [35mhttp[39m: [35mPOST user with username undefined[39m
2024-03-06 16:57:31:5731 [32minfo[39m: [32mSuccessfully connected to database[39m
2024-03-06 16:57:31:5731 [32minfo[39m: [32mListening on port: 3000[39m
2024-03-06 16:57:44:5744 [35mhttp[39m: [35mPOST user with username postman[39m
2024-03-06 16:57:44:5744 [32minfo[39m: [32mInserting user with username postman into the database[39m
2024-03-06 16:57:44:5744 [35mhttp[39m: [35mGET all users[39m
2024-03-06 16:57:44:5744 [32minfo[39m: [32mGetting all users from the database[39m
2024-03-06 16:57:45:5745 [35mhttp[39m: [35mGET single user with id 20[39m
2024-03-06 16:57:45:5745 [32minfo[39m: [32mGetting user with id 20 from the database[39m
2024-03-06 16:57:45:5745 [35mhttp[39m: [35mPUT user with id 20 and username updated[39m
2024-03-06 16:57:45:5745 [32minfo[39m: [32mUpdating user in the database[39m
2024-03-06 16:57:45:5745 [35mhttp[39m: [35mDELETE user with id 20[39m
2024-03-06 16:57:45:5745 [32minfo[39m: [32mDeleting user with id 20 from the database[39m
2024-03-06 16:57:45:5745 [35mhttp[39m: [35mPOST conversation with name postman[39m
2024-03-06 16:57:45:5745 [32minfo[39m: [32mInserting Convo with name postman into the database[39m
2024-03-06 16:57:45:5745 [35mhttp[39m: [35mGET all conversations[39m
2024-03-06 16:57:45:5745 [32minfo[39m: [32mGetting all Convos from the database[39m
2024-03-06 16:57:46:5746 [35mhttp[39m: [35mGET conversation with id 7[39m
2024-03-06 16:57:46:5746 [32minfo[39m: [32mGetting Convo with id 7 from the database[39m
2024-03-06 16:57:46:5746 [35mhttp[39m: [35mPUT conversation with id 7[39m
2024-03-06 16:57:46:5746 [32minfo[39m: [32mUpdating Convo in the database[39m
2024-03-06 16:57:46:5746 [35mhttp[39m: [35mPOST message to conversation with id 7[39m
2024-03-06 16:57:46:5746 [37mdebug[39m: [37mUser 1 sending message to conversation 7: A test message from postman[39m
2024-03-06 16:57:46:5746 [32minfo[39m: [32mInserting message into database[39m
2024-03-06 16:57:46:5746 [35mhttp[39m: [35mGET all Messages[39m
2024-03-06 16:57:46:5746 [32minfo[39m: [32mGetting all messages with convoId 7 from the database[39m
2024-03-06 16:57:46:5746 [35mhttp[39m: [35mGET conversation with id 3[39m
2024-03-06 16:57:46:5746 [32minfo[39m: [32mgetting message with id 3 from the database[39m
2024-03-06 16:57:47:5747 [35mhttp[39m: [35mDELETE conversation with id 7[39m
2024-03-06 16:57:47:5747 [32minfo[39m: [32mDeleting Convo with id 7 from the database[39m
2024-03-06 16:57:47:5747 [35mhttp[39m: [35mGET single user with id 99999999[39m
2024-03-06 16:57:47:5747 [32minfo[39m: [32mGetting user with id 99999999 from the database[39m
2024-03-06 16:57:47:5747 [35mhttp[39m: [35mPOST user with username undefined[39m
2024-04-19 19:18:54:1854 [32minfo[39m: [32mSuccessfully connected to database[39m
2024-04-19 19:18:54:1854 [32minfo[39m: [32mListening on port: 3000[39m
2024-04-19 19:19:07:197 [35mhttp[39m: [35mGET all users[39m
2024-04-19 19:19:07:197 [32minfo[39m: [32mGetting all users from the database[39m
2024-04-19 19:27:57:2757 [35mhttp[39m: [35mGET all users[39m
2024-04-19 19:27:57:2757 [32minfo[39m: [32mGetting all users from the database[39m
2024-04-19 19:28:02:282 [35mhttp[39m: [35mPOST user with username Tester[39m
2024-04-19 19:28:02:282 [32minfo[39m: [32mInserting user with username Tester into the database[39m
2024-04-19 19:28:02:282 [35mhttp[39m: [35mGET all users[39m
2024-04-19 19:28:02:282 [32minfo[39m: [32mGetting all users from the database[39m
2024-04-22 21:54:05:545 [32minfo[39m: [32mSuccessfully connected to database[39m
2024-04-22 21:54:05:545 [32minfo[39m: [32mListening on port: 3000[39m
2024-04-22 21:54:11:5411 [35mhttp[39m: [35mGET all users[39m
2024-04-22 21:54:11:5411 [32minfo[39m: [32mGetting all users from the database[39m
2024-04-22 21:55:18:5518 [35mhttp[39m: [35mPOST user with username ReactTest[39m
2024-04-22 21:55:18:5518 [32minfo[39m: [32mInserting user with username ReactTest into the database[39m
2024-04-22 21:55:19:5519 [35mhttp[39m: [35mGET all users[39m
2024-04-22 21:55:19:5519 [32minfo[39m: [32mGetting all users from the database[39m
2024-04-22 22:02:01:21 [35mhttp[39m: [35mGET all users[39m
2024-04-22 22:02:01:21 [32minfo[39m: [32mGetting all users from the database[39m
2024-04-22 22:02:03:23 [35mhttp[39m: [35mDELETE user with id 22[39m
2024-04-22 22:02:03:23 [32minfo[39m: [32mDeleting user with id 22 from the database[39m
